# JRE version: OpenJDK Runtime Environment (8.0_152-b01) (build 1.8.0_152-release-1343-b01)
# Java VM: OpenJDK 64-Bit Server VM (25.152-b01 mixed mode windows-amd64 compressed oops)
Heap:
 PSYoungGen      total 244224K, used 37710K [0x00000000e0000000, 0x00000000f2200000, 0x0000000100000000)
  eden space 212480K, 2% used [0x00000000e0000000,0x00000000e05d8f20,0x00000000ecf80000)
  from space 31744K, 99% used [0x00000000ef780000,0x00000000f167a940,0x00000000f1680000)
  to   space 40960K, 0% used [0x00000000ecf80000,0x00000000ecf80000,0x00000000ef780000)
 ParOldGen       total 265728K, used 61903K [0x00000000a0000000, 0x00000000b0380000, 0x00000000e0000000)
  object space 265728K, 23% used [0x00000000a0000000,0x00000000a3c73d00,0x00000000b0380000)
 Metaspace       used 82132K, capacity 85802K, committed 86016K, reserved 1124352K
  class space    used 10630K, capacity 11399K, committed 11520K, reserved 1048576K
GC Heap History (10 events):
Event: 10.450 GC heap before
{Heap before GC invocations=13 (full 3):
 PSYoungGen      total 146432K, used 129024K [0x00000000e0000000, 0x00000000ec480000, 0x0000000100000000)
  eden space 129024K, 100% used [0x00000000e0000000,0x00000000e7e00000,0x00000000e7e00000)
  from space 17408K, 0% used [0x00000000e7e00000,0x00000000e7e00000,0x00000000e8f00000)
  to   space 18432K, 0% used [0x00000000eb280000,0x00000000eb280000,0x00000000ec480000)
 ParOldGen       total 265728K, used 30909K [0x00000000a0000000, 0x00000000b0380000, 0x00000000e0000000)
  object space 265728K, 11% used [0x00000000a0000000,0x00000000a1e2f7c0,0x00000000b0380000)
 Metaspace       used 66601K, capacity 68646K, committed 68736K, reserved 1107968K
  class space    used 8841K, capacity 9277K, committed 9344K, reserved 1048576K
Event: 10.538 GC heap after
Heap after GC invocations=13 (full 3):
 PSYoungGen      total 172032K, used 13001K [0x00000000e0000000, 0x00000000ebf80000, 0x0000000100000000)
  eden space 158720K, 0% used [0x00000000e0000000,0x00000000e0000000,0x00000000e9b00000)
  from space 13312K, 97% used [0x00000000eb280000,0x00000000ebf325a0,0x00000000ebf80000)
  to   space 18432K, 0% used [0x00000000e9b80000,0x00000000e9b80000,0x00000000ead80000)
 ParOldGen       total 265728K, used 30917K [0x00000000a0000000, 0x00000000b0380000, 0x00000000e0000000)
  object space 265728K, 11% used [0x00000000a0000000,0x00000000a1e317c0,0x00000000b0380000)
 Metaspace       used 66601K, capacity 68646K, committed 68736K, reserved 1107968K
  class space    used 8841K, capacity 9277K, committed 9344K, reserved 1048576K
}
Event: 14.145 GC heap before
{Heap before GC invocations=14 (full 3):
 PSYoungGen      total 172032K, used 171721K [0x00000000e0000000, 0x00000000ebf80000, 0x0000000100000000)
  eden space 158720K, 100% used [0x00000000e0000000,0x00000000e9b00000,0x00000000e9b00000)
  from space 13312K, 97% used [0x00000000eb280000,0x00000000ebf325a0,0x00000000ebf80000)
  to   space 18432K, 0% used [0x00000000e9b80000,0x00000000e9b80000,0x00000000ead80000)
 ParOldGen       total 265728K, used 30917K [0x00000000a0000000, 0x00000000b0380000, 0x00000000e0000000)
  object space 265728K, 11% used [0x00000000a0000000,0x00000000a1e317c0,0x00000000b0380000)
 Metaspace       used 70865K, capacity 73426K, committed 73728K, reserved 1114112K
  class space    used 9318K, capacity 9890K, committed 9984K, reserved 1048576K
Event: 14.161 GC heap after
Heap after GC invocations=14 (full 3):
 PSYoungGen      total 177664K, used 17845K [0x00000000e0000000, 0x00000000ee080000, 0x0000000100000000)
  eden space 159232K, 0% used [0x00000000e0000000,0x00000000e0000000,0x00000000e9b80000)
  from space 18432K, 96% used [0x00000000e9b80000,0x00000000eaced510,0x00000000ead80000)
  to   space 19968K, 0% used [0x00000000ecd00000,0x00000000ecd00000,0x00000000ee080000)
 ParOldGen       total 265728K, used 30925K [0x00000000a0000000, 0x00000000b0380000, 0x00000000e0000000)
  object space 265728K, 11% used [0x00000000a0000000,0x00000000a1e337c0,0x00000000b0380000)
 Metaspace       used 70865K, capacity 73426K, committed 73728K, reserved 1114112K
  class space    used 9318K, capacity 9890K, committed 9984K, reserved 1048576K
}
Event: 15.133 GC heap before
{Heap before GC invocations=15 (full 3):
 PSYoungGen      total 177664K, used 177077K [0x00000000e0000000, 0x00000000ee080000, 0x0000000100000000)
  eden space 159232K, 100% used [0x00000000e0000000,0x00000000e9b80000,0x00000000e9b80000)
  from space 18432K, 96% used [0x00000000e9b80000,0x00000000eaced510,0x00000000ead80000)
  to   space 19968K, 0% used [0x00000000ecd00000,0x00000000ecd00000,0x00000000ee080000)
 ParOldGen       total 265728K, used 30925K [0x00000000a0000000, 0x00000000b0380000, 0x00000000e0000000)
  object space 265728K, 11% used [0x00000000a0000000,0x00000000a1e337c0,0x00000000b0380000)
 Metaspace       used 72967K, capacity 75640K, committed 75776K, reserved 1114112K
  class space    used 9581K, capacity 10160K, committed 10240K, reserved 1048576K
Event: 15.171 GC heap after
Heap after GC invocations=15 (full 3):
 PSYoungGen      total 204288K, used 19964K [0x00000000e0000000, 0x00000000ef180000, 0x0000000100000000)
  eden space 184320K, 0% used [0x00000000e0000000,0x00000000e0000000,0x00000000eb400000)
  from space 19968K, 99% used [0x00000000ecd00000,0x00000000ee07f050,0x00000000ee080000)
  to   space 25600K, 0% used [0x00000000eb400000,0x00000000eb400000,0x00000000ecd00000)
 ParOldGen       total 265728K, used 40562K [0x00000000a0000000, 0x00000000b0380000, 0x00000000e0000000)
  object space 265728K, 15% used [0x00000000a0000000,0x00000000a279c888,0x00000000b0380000)
 Metaspace       used 72967K, capacity 75640K, committed 75776K, reserved 1114112K
  class space    used 9581K, capacity 10160K, committed 10240K, reserved 1048576K
}
Event: 20.572 GC heap before
{Heap before GC invocations=16 (full 3):
 PSYoungGen      total 204288K, used 204284K [0x00000000e0000000, 0x00000000ef180000, 0x0000000100000000)
  eden space 184320K, 100% used [0x00000000e0000000,0x00000000eb400000,0x00000000eb400000)
  from space 19968K, 99% used [0x00000000ecd00000,0x00000000ee07f050,0x00000000ee080000)
  to   space 25600K, 0% used [0x00000000eb400000,0x00000000eb400000,0x00000000ecd00000)
 ParOldGen       total 265728K, used 40562K [0x00000000a0000000, 0x00000000b0380000, 0x00000000e0000000)
  object space 265728K, 15% used [0x00000000a0000000,0x00000000a279c888,0x00000000b0380000)
 Metaspace       used 77429K, capacity 80788K, committed 81024K, reserved 1120256K
  class space    used 10093K, capacity 10794K, committed 10880K, reserved 1048576K
Event: 20.606 GC heap after
Heap after GC invocations=16 (full 3):
 PSYoungGen      total 209920K, used 25588K [0x00000000e0000000, 0x00000000f1680000, 0x0000000100000000)
  eden space 184320K, 0% used [0x00000000e0000000,0x00000000e0000000,0x00000000eb400000)
  from space 25600K, 99% used [0x00000000eb400000,0x00000000eccfd040,0x00000000ecd00000)
  to   space 31744K, 0% used [0x00000000ef780000,0x00000000ef780000,0x00000000f1680000)
 ParOldGen       total 265728K, used 48836K [0x00000000a0000000, 0x00000000b0380000, 0x00000000e0000000)
  object space 265728K, 18% used [0x00000000a0000000,0x00000000a2fb1240,0x00000000b0380000)
 Metaspace       used 77429K, capacity 80788K, committed 81024K, reserved 1120256K
  class space    used 10093K, capacity 10794K, committed 10880K, reserved 1048576K
}
Event: 334.745 GC heap before
{Heap before GC invocations=17 (full 3):
 PSYoungGen      total 209920K, used 209908K [0x00000000e0000000, 0x00000000f1680000, 0x0000000100000000)
  eden space 184320K, 100% used [0x00000000e0000000,0x00000000eb400000,0x00000000eb400000)
  from space 25600K, 99% used [0x00000000eb400000,0x00000000eccfd040,0x00000000ecd00000)
  to   space 31744K, 0% used [0x00000000ef780000,0x00000000ef780000,0x00000000f1680000)
 ParOldGen       total 265728K, used 48836K [0x00000000a0000000, 0x00000000b0380000, 0x00000000e0000000)
  object space 265728K, 18% used [0x00000000a0000000,0x00000000a2fb1240,0x00000000b0380000)
 Metaspace       used 82118K, capacity 85802K, committed 86016K, reserved 1124352K
  class space    used 10629K, capacity 11399K, committed 11520K, reserved 1048576K
Event: 334.808 GC heap after
Heap after GC invocations=17 (full 3):
 PSYoungGen      total 244224K, used 31722K [0x00000000e0000000, 0x00000000f2200000, 0x0000000100000000)
  eden space 212480K, 0% used [0x00000000e0000000,0x00000000e0000000,0x00000000ecf80000)
  from space 31744K, 99% used [0x00000000ef780000,0x00000000f167a940,0x00000000f1680000)
  to   space 40960K, 0% used [0x00000000ecf80000,0x00000000ecf80000,0x00000000ef780000)
 ParOldGen       total 265728K, used 61903K [0x00000000a0000000, 0x00000000b0380000, 0x00000000e0000000)
  object space 265728K, 23% used [0x00000000a0000000,0x00000000a3c73d00,0x00000000b0380000)
 Metaspace       used 82118K, capacity 85802K, committed 86016K, reserved 1124352K
  class space    used 10629K, capacity 11399K, committed 11520K, reserved 1048576K
}

